<?xml version="1.0" encoding="UTF-8"?>
<!-- Generated by org.testng.reporters.JUnitReportReporter -->
<testsuite hostname="DESKTOP-H1727PQ" failures="0" tests="2" name="AnnotationsConcept" time="0.006" errors="0" timestamp="13 Jul 2022 02:18:10 GMT" skipped="0">
  <testcase classname="AnnotationsConcept" name="accountInfoTest" time="0.004"/>
  <testcase classname="AnnotationsConcept" name="userInfoTest" time="0.002"/>
</testsuite> <!-- AnnotationsConcept -->
